  Using 'git status' to determine working set for adaptive non-unity build (C:\Users\hakan\Documents\Unreal Projects\MyProject).
  Invalidating makefile for MyProjectEditor (SocketIOClient.uplugin has been added)
  Parsing headers for MyProjectEditor
    Running UnrealHeaderTool "C:\Users\hakan\Documents\Unreal Projects\MyProject\MyProject\MyProject.uproject" "C:\Users\hakan\Documents\Unreal Projects\MyProject\MyProject\Intermediate\Build\Win64\MyProjectEditor\Development\MyProjectEditor.uhtmanifest" -LogCmds="loginit warning, logexit warning, logdatabase error" -Unattended -WarningsAsErrors -abslog="C:\Users\hakan\AppData\Local\UnrealBuildTool\Log_UHT.txt" -installed
  Reflection code generated for MyProjectEditor in 4.46653 seconds
  Building MyProjectEditor...
  Using Visual Studio 2019 14.28.29336 toolchain (C:\Program Files (x86)\Microsoft Visual Studio\2019\Professional\VC\Tools\MSVC\14.28.29333) and Windows 10.0.18362.0 SDK (C:\Program Files (x86)\Windows Kits\10).
  Building 27 actions with 16 processes...
    [1/27] Default.rc2
    [2/27] Default.rc2
    [3/27] Default.rc2
    [4/27] Default.rc2
    [5/27] Default.rc2
    [6/27] Module.CoreUtility.gen.cpp
    [7/27] Module.SIOJson.gen.cpp
    [8/27] Module.SocketIOClient.gen.cpp
    [9/27] Module.CoreUtility.cpp
    [10/27] UE4Editor-CoreUtility.lib
       Creating library C:\Users\hakan\Documents\Unreal Projects\MyProject\MyProject\Plugins\socketio-client-ue4\Intermediate\Build\Win64\UE4Editor\Development\CoreUtility\UE4Editor-CoreUtility.lib and object C:\Users\hakan\Documents\Unreal Projects\MyProject\MyProject\Plugins\socketio-client-ue4\Intermediate\Build\Win64\UE4Editor\Development\CoreUtility\UE4Editor-CoreUtility.exp
    [11/27] UE4Editor-CoreUtility.dll
       Creating library C:\Users\hakan\Documents\Unreal Projects\MyProject\MyProject\Plugins\socketio-client-ue4\Intermediate\Build\Win64\UE4Editor\Development\CoreUtility\UE4Editor-CoreUtility.suppressed.lib and object C:\Users\hakan\Documents\Unreal Projects\MyProject\MyProject\Plugins\socketio-client-ue4\Intermediate\Build\Win64\UE4Editor\Development\CoreUtility\UE4Editor-CoreUtility.suppressed.exp
    [12/27] Module.SocketIOClient.cpp
    [13/27] UE4Editor-SocketIOClient.lib
       Creating library C:\Users\hakan\Documents\Unreal Projects\MyProject\MyProject\Plugins\socketio-client-ue4\Intermediate\Build\Win64\UE4Editor\Development\SocketIOClient\UE4Editor-SocketIOClient.lib and object C:\Users\hakan\Documents\Unreal Projects\MyProject\MyProject\Plugins\socketio-client-ue4\Intermediate\Build\Win64\UE4Editor\Development\SocketIOClient\UE4Editor-SocketIOClient.exp
    [14/27] Module.SIOJson.cpp
    [15/27] UE4Editor-SIOJson.lib
       Creating library C:\Users\hakan\Documents\Unreal Projects\MyProject\MyProject\Plugins\socketio-client-ue4\Intermediate\Build\Win64\UE4Editor\Development\SIOJson\UE4Editor-SIOJson.lib and object C:\Users\hakan\Documents\Unreal Projects\MyProject\MyProject\Plugins\socketio-client-ue4\Intermediate\Build\Win64\UE4Editor\Development\SIOJson\UE4Editor-SIOJson.exp
    [16/27] UE4Editor-SIOJson.dll
       Creating library C:\Users\hakan\Documents\Unreal Projects\MyProject\MyProject\Plugins\socketio-client-ue4\Intermediate\Build\Win64\UE4Editor\Development\SIOJson\UE4Editor-SIOJson.suppressed.lib and object C:\Users\hakan\Documents\Unreal Projects\MyProject\MyProject\Plugins\socketio-client-ue4\Intermediate\Build\Win64\UE4Editor\Development\SIOJson\UE4Editor-SIOJson.suppressed.exp
    [17/27] SharedPCH.UnrealEd.ShadowErrors.cpp
    [18/27] Module.SIOJEditorPlugin.gen.cpp
    [19/27] SharedPCH.Engine.RTTI.ShadowErrors.cpp
    [20/27] Module.SIOJEditorPlugin.cpp
    [21/27] UE4Editor-SIOJEditorPlugin.lib
       Creating library C:\Users\hakan\Documents\Unreal Projects\MyProject\MyProject\Plugins\socketio-client-ue4\Intermediate\Build\Win64\UE4Editor\Development\SIOJEditorPlugin\UE4Editor-SIOJEditorPlugin.lib and object C:\Users\hakan\Documents\Unreal Projects\MyProject\MyProject\Plugins\socketio-client-ue4\Intermediate\Build\Win64\UE4Editor\Development\SIOJEditorPlugin\UE4Editor-SIOJEditorPlugin.exp
    [22/27] UE4Editor-SIOJEditorPlugin.dll
       Creating library C:\Users\hakan\Documents\Unreal Projects\MyProject\MyProject\Plugins\socketio-client-ue4\Intermediate\Build\Win64\UE4Editor\Development\SIOJEditorPlugin\UE4Editor-SIOJEditorPlugin.suppressed.lib and object C:\Users\hakan\Documents\Unreal Projects\MyProject\MyProject\Plugins\socketio-client-ue4\Intermediate\Build\Win64\UE4Editor\Development\SIOJEditorPlugin\UE4Editor-SIOJEditorPlugin.suppressed.exp
    [23/27] Module.SocketIOLib.cpp
    [24/27] UE4Editor-SocketIOLib.lib
       Creating library C:\Users\hakan\Documents\Unreal Projects\MyProject\MyProject\Plugins\socketio-client-ue4\Intermediate\Build\Win64\UE4Editor\Development\SocketIOLib\UE4Editor-SocketIOLib.lib and object C:\Users\hakan\Documents\Unreal Projects\MyProject\MyProject\Plugins\socketio-client-ue4\Intermediate\Build\Win64\UE4Editor\Development\SocketIOLib\UE4Editor-SocketIOLib.exp
    [25/27] UE4Editor-SocketIOLib.dll
       Creating library C:\Users\hakan\Documents\Unreal Projects\MyProject\MyProject\Plugins\socketio-client-ue4\Intermediate\Build\Win64\UE4Editor\Development\SocketIOLib\UE4Editor-SocketIOLib.suppressed.lib and object C:\Users\hakan\Documents\Unreal Projects\MyProject\MyProject\Plugins\socketio-client-ue4\Intermediate\Build\Win64\UE4Editor\Development\SocketIOLib\UE4Editor-SocketIOLib.suppressed.exp
    [26/27] UE4Editor-SocketIOClient.dll
       Creating library C:\Users\hakan\Documents\Unreal Projects\MyProject\MyProject\Plugins\socketio-client-ue4\Intermediate\Build\Win64\UE4Editor\Development\SocketIOClient\UE4Editor-SocketIOClient.suppressed.lib and object C:\Users\hakan\Documents\Unreal Projects\MyProject\MyProject\Plugins\socketio-client-ue4\Intermediate\Build\Win64\UE4Editor\Development\SocketIOClient\UE4Editor-SocketIOClient.suppressed.exp
    [27/27] MyProjectEditor.target
  Total time in Parallel executor: 26.89 seconds
  Total execution time: 33.24 seconds
